2020-12-26 13:07:46.920  INFO 11252 --- [main] lavalink.server.Launcher                 : 

[32m       .  [31m _                  _ _       _    [32m__ _ _
[32m      /\\ [31m| | __ ___   ____ _| (_)_ __ | | __[32m\ \ \ \
[32m     ( ( )[31m| |/ _` \ \ / / _` | | | '_ \| |/ /[32m \ \ \ \
[32m      \\/ [31m| | (_| |\ V / (_| | | | | | |   < [32m  ) ) ) )
[32m       '  [31m|_|\__,_| \_/ \__,_|_|_|_| |_|_|\_\[32m / / / /
[0m    =========================================[32m/_/_/_/[0m

	Version:        3.3.2.2
	Build:          1155
	Build time:     28.11.2020 11:50:13 UTC
	Branch          dev
	Commit:         23c883a
	Commit time:    28.11.2020 11:42:10 UTC
	JVM:            13
	Lavaplayer      1.3.61

2020-12-26 13:07:47.008  INFO 11252 --- [main] lavalink.server.Launcher                 : Starting Launcher on RicyPC with PID 11252 (C:\Users\ricar\OneDrive\Desktop\Rice-Bot\Lavalink.jar started by ricar in C:\Users\ricar\OneDrive\Desktop\Rice-Bot)
2020-12-26 13:07:47.009  INFO 11252 --- [main] lavalink.server.Launcher                 : No active profile set, falling back to default profiles: default
2020-12-26 13:07:47.066  WARN 11252 --- [background-preinit] o.s.h.c.j.Jackson2ObjectMapperBuilder    : For Jackson Kotlin classes support please add "com.fasterxml.jackson.module:jackson-module-kotlin" to the classpath
2020-12-26 13:07:48.048  WARN 11252 --- [main] io.undertow.websockets.jsr               : UT026010: Buffer pool was not set on WebSocketDeploymentInfo, the default pool will be used
2020-12-26 13:07:48.071  INFO 11252 --- [main] io.undertow.servlet                      : Initializing Spring embedded WebApplicationContext
2020-12-26 13:07:48.071  INFO 11252 --- [main] o.s.web.context.ContextLoader            : Root WebApplicationContext: initialization completed in 1031 ms
2020-12-26 13:07:48.366  WARN 11252 --- [main] l.server.config.SentryConfiguration      : Turning off sentry
2020-12-26 13:07:48.697  INFO 11252 --- [main] c.s.d.l.tools.GarbageCollectionMonitor   : GC monitoring enabled, reporting results every 2 minutes.
2020-12-26 13:07:48.998  INFO 11252 --- [main] lavalink.server.config.KoeConfiguration  : OS: Windows 10, Arch: amd64
2020-12-26 13:07:48.998  WARN 11252 --- [main] lavalink.server.config.KoeConfiguration  : This system and architecture appears to not support native audio sending! GC pauses may cause your bot to stutter during playback.
2020-12-26 13:07:49.166  INFO 11252 --- [main] o.s.s.concurrent.ThreadPoolTaskExecutor  : Initializing ExecutorService 'applicationTaskExecutor'
2020-12-26 13:07:49.399  INFO 11252 --- [main] org.xnio                                 : XNIO version 3.3.8.Final
2020-12-26 13:07:49.409  INFO 11252 --- [main] org.xnio.nio                             : XNIO NIO Implementation Version 3.3.8.Final
2020-12-26 13:07:49.459  INFO 11252 --- [main] o.s.b.w.e.u.UndertowServletWebServer     : Undertow started on port(s) 7001 (http) with context path ''
2020-12-26 13:07:49.463  INFO 11252 --- [main] lavalink.server.Launcher                 : Started Launcher in 2.881 seconds (JVM running for 3.235)
2020-12-26 13:07:49.466  INFO 11252 --- [main] lavalink.server.Launcher                 : You can safely ignore the big red warning about illegal reflection. See https://github.com/Frederikam/Lavalink/issues/295
